<?xml version="1.0" encoding="UTF-8"?>
<!-- Generated by org.testng.reporters.JUnitXMLReporter -->
<testsuite hostname="DESKTOP-UBKM5S4" ignored="0" name="Application BBM" tests="10" failures="0" timestamp="16 Dec 2022 10:31:18 GMT" time="434.395" errors="0">
  <testcase name="ServiceAlarm" time="32.973" classname="de.dimetis.bbm.testcases.UserrightsTestcase"/>
  <testcase name="ServiceAlarm" time="0.001" classname="de.dimetis.bbm.testcases.UserrightsTestcase"/>
  <testcase name="ServiceAlarm" time="0.0" classname="de.dimetis.bbm.testcases.UserrightsTestcase"/>
  <testcase name="ServiceAlarm" time="0.002" classname="de.dimetis.bbm.testcases.ReadRighsTestcase"/>
  <testcase name="ServiceAlarm" time="103.416" classname="de.dimetis.bbm.testcases.ReadRighsTestcase"/>
  <testcase name="ServiceAlarm" time="0.0" classname="de.dimetis.bbm.testcases.ReadRighsTestcase"/>
  <testcase name="ServiceAlarm" time="0.001" classname="de.dimetis.bbm.testcases.FullRightsTestcase"/>
  <testcase name="ServiceAlarm" time="0.002" classname="de.dimetis.bbm.testcases.FullRightsTestcase"/>
  <testcase name="ServiceAlarm" time="75.335" classname="de.dimetis.bbm.testcases.FullRightsTestcase"/>
  <testcase name="ServiceAlarm" time="100.873" classname="de.dimetis.bbm.testcases.OIDAlarmsTestcase"/>
</testsuite> <!-- Application BBM -->
