<?xml version="1.0" encoding="UTF-8"?>
<!-- Generated by org.testng.reporters.JUnitXMLReporter -->
<testsuite hostname="DESKTOP-7881JK4" ignored="0" name="Contact List App Tests" tests="2" failures="2" timestamp="31 Mar 2025 17:22:14 GMT" time="8.797" errors="0">
  <testcase name="Signup" time="0.016" classname="de.dimetis.bbm.testcases.SignUpPageTestcase">
    <failure type="java.lang.NullPointerException">
      <![CDATA[java.lang.NullPointerException
at de.dimetis.bbm.testcases.SignUpPageTestcase.Signup(SignUpPageTestcase.java:23)
... Removed 25 stack frames]]>
    </failure>
  </testcase> <!-- Signup -->
  <testcase name="Signup" time="0.004" classname="de.dimetis.bbm.testcases.LoginPageTest">
    <failure type="java.lang.NullPointerException">
      <![CDATA[java.lang.NullPointerException
at de.dimetis.bbm.testcases.LoginPageTest.Signup(LoginPageTest.java:23)
... Removed 25 stack frames]]>
    </failure>
  </testcase> <!-- Signup -->
</testsuite> <!-- Contact List App Tests -->
