<?xml version="1.0" encoding="UTF-8"?>
<testng-results skipped="0" failed="0" ignored="0" total="10" passed="10">
  <reporter-output>
  </reporter-output>
  <suite name="Dimetis Test Automation Regression Suite" duration-ms="434395" started-at="2022-12-16T10:24:03Z" finished-at="2022-12-16T10:31:18Z">
    <groups>
    </groups>
    <test name="Application BBM" duration-ms="434395" started-at="2022-12-16T10:24:03Z" finished-at="2022-12-16T10:31:18Z">
      <class name="de.dimetis.bbm.testcases.ReadRighsTestcase">
        <test-method status="PASS" signature="setup()[pri:0, instance:de.dimetis.bbm.testcases.ReadRighsTestcase@50b494a6]" name="setup" is-config="true" duration-ms="36048" started-at="2022-12-16T10:25:03Z" finished-at="2022-12-16T10:25:39Z">
          <reporter-output>
          </reporter-output>
        </test-method> <!-- setup -->
        <test-method status="PASS" signature="ServiceAlarm(java.lang.String, java.lang.String, java.lang.String, java.lang.String)[pri:0, instance:de.dimetis.bbm.testcases.ReadRighsTestcase@50b494a6]" name="ServiceAlarm" duration-ms="2" started-at="2022-12-16T10:25:40Z" data-provider="data-provider" finished-at="2022-12-16T10:25:40Z">
          <params>
            <param index="0">
              <value>
                <![CDATA[BBM -No Rights User]]>
              </value>
            </param>
            <param index="1">
              <value>
                <![CDATA[No]]>
              </value>
            </param>
            <param index="2">
              <value>
                <![CDATA[nr]]>
              </value>
            </param>
            <param index="3">
              <value>
                <![CDATA[nr]]>
              </value>
            </param>
          </params>
          <reporter-output>
          </reporter-output>
        </test-method> <!-- ServiceAlarm -->
        <test-method status="PASS" signature="ServiceAlarm(java.lang.String, java.lang.String, java.lang.String, java.lang.String)[pri:0, instance:de.dimetis.bbm.testcases.ReadRighsTestcase@50b494a6]" name="ServiceAlarm" duration-ms="103416" started-at="2022-12-16T10:25:40Z" data-provider="data-provider" finished-at="2022-12-16T10:27:23Z">
          <params>
            <param index="0">
              <value>
                <![CDATA[BBM -Read Rights User]]>
              </value>
            </param>
            <param index="1">
              <value>
                <![CDATA[No]]>
              </value>
            </param>
            <param index="2">
              <value>
                <![CDATA[rr]]>
              </value>
            </param>
            <param index="3">
              <value>
                <![CDATA[rr]]>
              </value>
            </param>
          </params>
          <reporter-output>
          </reporter-output>
        </test-method> <!-- ServiceAlarm -->
        <test-method status="PASS" signature="ServiceAlarm(java.lang.String, java.lang.String, java.lang.String, java.lang.String)[pri:0, instance:de.dimetis.bbm.testcases.ReadRighsTestcase@50b494a6]" name="ServiceAlarm" duration-ms="0" started-at="2022-12-16T10:27:23Z" data-provider="data-provider" finished-at="2022-12-16T10:27:23Z">
          <params>
            <param index="0">
              <value>
                <![CDATA[BBM -Full Rights User]]>
              </value>
            </param>
            <param index="1">
              <value>
                <![CDATA[No]]>
              </value>
            </param>
            <param index="2">
              <value>
                <![CDATA[fr]]>
              </value>
            </param>
            <param index="3">
              <value>
                <![CDATA[fr]]>
              </value>
            </param>
          </params>
          <reporter-output>
          </reporter-output>
        </test-method> <!-- ServiceAlarm -->
        <test-method status="PASS" signature="closeBrowser()[pri:0, instance:de.dimetis.bbm.testcases.ReadRighsTestcase@50b494a6]" name="closeBrowser" is-config="true" duration-ms="93" started-at="2022-12-16T10:27:23Z" finished-at="2022-12-16T10:27:23Z">
          <reporter-output>
          </reporter-output>
        </test-method> <!-- closeBrowser -->
      </class> <!-- de.dimetis.bbm.testcases.ReadRighsTestcase -->
      <class name="de.dimetis.bbm.testcases.OIDAlarmsTestcase">
        <test-method status="PASS" signature="setup()[pri:0, instance:de.dimetis.bbm.testcases.OIDAlarmsTestcase@32709393]" name="setup" is-config="true" duration-ms="33643" started-at="2022-12-16T10:29:03Z" finished-at="2022-12-16T10:29:37Z">
          <reporter-output>
          </reporter-output>
        </test-method> <!-- setup -->
        <test-method status="PASS" signature="ServiceAlarm(java.lang.String, java.lang.String, java.lang.String, java.lang.String, java.lang.String, java.lang.String, java.lang.String, java.lang.String, java.lang.String, java.lang.String, java.lang.String, java.lang.String, java.lang.String)[pri:0, instance:de.dimetis.bbm.testcases.OIDAlarmsTestcase@32709393]" name="ServiceAlarm" duration-ms="100873" started-at="2022-12-16T10:29:37Z" data-provider="data-provider" finished-at="2022-12-16T10:31:17Z">
          <params>
            <param index="0">
              <value>
                <![CDATA[BBM AUTOMATION]]>
              </value>
            </param>
            <param index="1">
              <value>
                <![CDATA[yes]]>
              </value>
            </param>
            <param index="2">
              <value>
                <![CDATA[dim]]>
              </value>
            </param>
            <param index="3">
              <value>
                <![CDATA[dim]]>
              </value>
            </param>
            <param index="4">
              <value>
                <![CDATA[1]]>
              </value>
            </param>
            <param index="5">
              <value>
                <![CDATA[Service Alarm]]>
              </value>
            </param>
            <param index="6">
              <value>
                <![CDATA[warning]]>
              </value>
            </param>
            <param index="7">
              <value>
                <![CDATA[Service Alarm Test]]>
              </value>
            </param>
            <param index="8">
              <value>
                <![CDATA[arrow_up.png]]>
              </value>
            </param>
            <param index="9">
              <value>
                <![CDATA[4]]>
              </value>
            </param>
            <param index="10">
              <value>
                <![CDATA[arrow_down.png]]>
              </value>
            </param>
            <param index="11">
              <value>
                <![CDATA[Alarm Performance Test ZBE002]]>
              </value>
            </param>
            <param index="12">
              <value>
                <![CDATA[false]]>
              </value>
            </param>
          </params>
          <reporter-output>
          </reporter-output>
        </test-method> <!-- ServiceAlarm -->
        <test-method status="PASS" signature="closeBrowser()[pri:0, instance:de.dimetis.bbm.testcases.OIDAlarmsTestcase@32709393]" name="closeBrowser" is-config="true" duration-ms="126" started-at="2022-12-16T10:31:17Z" finished-at="2022-12-16T10:31:18Z">
          <reporter-output>
          </reporter-output>
        </test-method> <!-- closeBrowser -->
      </class> <!-- de.dimetis.bbm.testcases.OIDAlarmsTestcase -->
      <class name="de.dimetis.bbm.testcases.FullRightsTestcase">
        <test-method status="PASS" signature="setup()[pri:0, instance:de.dimetis.bbm.testcases.FullRightsTestcase@3cef309d]" name="setup" is-config="true" duration-ms="24342" started-at="2022-12-16T10:27:23Z" finished-at="2022-12-16T10:27:47Z">
          <reporter-output>
          </reporter-output>
        </test-method> <!-- setup -->
        <test-method status="PASS" signature="ServiceAlarm(java.lang.String, java.lang.String, java.lang.String, java.lang.String)[pri:0, instance:de.dimetis.bbm.testcases.FullRightsTestcase@3cef309d]" name="ServiceAlarm" duration-ms="1" started-at="2022-12-16T10:27:47Z" data-provider="data-provider" finished-at="2022-12-16T10:27:47Z">
          <params>
            <param index="0">
              <value>
                <![CDATA[BBM -No Rights User]]>
              </value>
            </param>
            <param index="1">
              <value>
                <![CDATA[No]]>
              </value>
            </param>
            <param index="2">
              <value>
                <![CDATA[nr]]>
              </value>
            </param>
            <param index="3">
              <value>
                <![CDATA[nr]]>
              </value>
            </param>
          </params>
          <reporter-output>
          </reporter-output>
        </test-method> <!-- ServiceAlarm -->
        <test-method status="PASS" signature="ServiceAlarm(java.lang.String, java.lang.String, java.lang.String, java.lang.String)[pri:0, instance:de.dimetis.bbm.testcases.FullRightsTestcase@3cef309d]" name="ServiceAlarm" duration-ms="2" started-at="2022-12-16T10:27:47Z" data-provider="data-provider" finished-at="2022-12-16T10:27:47Z">
          <params>
            <param index="0">
              <value>
                <![CDATA[BBM -Read Rights User]]>
              </value>
            </param>
            <param index="1">
              <value>
                <![CDATA[No]]>
              </value>
            </param>
            <param index="2">
              <value>
                <![CDATA[rr]]>
              </value>
            </param>
            <param index="3">
              <value>
                <![CDATA[rr]]>
              </value>
            </param>
          </params>
          <reporter-output>
          </reporter-output>
        </test-method> <!-- ServiceAlarm -->
        <test-method status="PASS" signature="ServiceAlarm(java.lang.String, java.lang.String, java.lang.String, java.lang.String)[pri:0, instance:de.dimetis.bbm.testcases.FullRightsTestcase@3cef309d]" name="ServiceAlarm" duration-ms="75335" started-at="2022-12-16T10:27:47Z" data-provider="data-provider" finished-at="2022-12-16T10:29:03Z">
          <params>
            <param index="0">
              <value>
                <![CDATA[BBM -Full Rights User]]>
              </value>
            </param>
            <param index="1">
              <value>
                <![CDATA[No]]>
              </value>
            </param>
            <param index="2">
              <value>
                <![CDATA[fr]]>
              </value>
            </param>
            <param index="3">
              <value>
                <![CDATA[fr]]>
              </value>
            </param>
          </params>
          <reporter-output>
          </reporter-output>
        </test-method> <!-- ServiceAlarm -->
        <test-method status="PASS" signature="closeBrowser()[pri:0, instance:de.dimetis.bbm.testcases.FullRightsTestcase@3cef309d]" name="closeBrowser" is-config="true" duration-ms="113" started-at="2022-12-16T10:29:03Z" finished-at="2022-12-16T10:29:03Z">
          <reporter-output>
          </reporter-output>
        </test-method> <!-- closeBrowser -->
      </class> <!-- de.dimetis.bbm.testcases.FullRightsTestcase -->
      <class name="de.dimetis.bbm.testcases.UserrightsTestcase">
        <test-method status="PASS" signature="setup()[pri:0, instance:de.dimetis.bbm.testcases.UserrightsTestcase@6e6c3152]" name="setup" is-config="true" duration-ms="26587" started-at="2022-12-16T10:24:03Z" finished-at="2022-12-16T10:24:30Z">
          <reporter-output>
          </reporter-output>
        </test-method> <!-- setup -->
        <test-method status="PASS" signature="ServiceAlarm(java.lang.String, java.lang.String, java.lang.String, java.lang.String)[pri:0, instance:de.dimetis.bbm.testcases.UserrightsTestcase@6e6c3152]" name="ServiceAlarm" duration-ms="32973" started-at="2022-12-16T10:24:30Z" data-provider="data-provider" finished-at="2022-12-16T10:25:03Z">
          <params>
            <param index="0">
              <value>
                <![CDATA[BBM -No Rights User]]>
              </value>
            </param>
            <param index="1">
              <value>
                <![CDATA[No]]>
              </value>
            </param>
            <param index="2">
              <value>
                <![CDATA[nr]]>
              </value>
            </param>
            <param index="3">
              <value>
                <![CDATA[nr]]>
              </value>
            </param>
          </params>
          <reporter-output>
          </reporter-output>
        </test-method> <!-- ServiceAlarm -->
        <test-method status="PASS" signature="ServiceAlarm(java.lang.String, java.lang.String, java.lang.String, java.lang.String)[pri:0, instance:de.dimetis.bbm.testcases.UserrightsTestcase@6e6c3152]" name="ServiceAlarm" duration-ms="1" started-at="2022-12-16T10:25:03Z" data-provider="data-provider" finished-at="2022-12-16T10:25:03Z">
          <params>
            <param index="0">
              <value>
                <![CDATA[BBM -Read Rights User]]>
              </value>
            </param>
            <param index="1">
              <value>
                <![CDATA[No]]>
              </value>
            </param>
            <param index="2">
              <value>
                <![CDATA[rr]]>
              </value>
            </param>
            <param index="3">
              <value>
                <![CDATA[rr]]>
              </value>
            </param>
          </params>
          <reporter-output>
          </reporter-output>
        </test-method> <!-- ServiceAlarm -->
        <test-method status="PASS" signature="ServiceAlarm(java.lang.String, java.lang.String, java.lang.String, java.lang.String)[pri:0, instance:de.dimetis.bbm.testcases.UserrightsTestcase@6e6c3152]" name="ServiceAlarm" duration-ms="0" started-at="2022-12-16T10:25:03Z" data-provider="data-provider" finished-at="2022-12-16T10:25:03Z">
          <params>
            <param index="0">
              <value>
                <![CDATA[BBM -Full Rights User]]>
              </value>
            </param>
            <param index="1">
              <value>
                <![CDATA[No]]>
              </value>
            </param>
            <param index="2">
              <value>
                <![CDATA[fr]]>
              </value>
            </param>
            <param index="3">
              <value>
                <![CDATA[fr]]>
              </value>
            </param>
          </params>
          <reporter-output>
          </reporter-output>
        </test-method> <!-- ServiceAlarm -->
        <test-method status="PASS" signature="closeBrowser()[pri:0, instance:de.dimetis.bbm.testcases.UserrightsTestcase@6e6c3152]" name="closeBrowser" is-config="true" duration-ms="156" started-at="2022-12-16T10:25:03Z" finished-at="2022-12-16T10:25:03Z">
          <reporter-output>
          </reporter-output>
        </test-method> <!-- closeBrowser -->
      </class> <!-- de.dimetis.bbm.testcases.UserrightsTestcase -->
    </test> <!-- Application BBM -->
  </suite> <!-- Dimetis Test Automation Regression Suite -->
</testng-results>
