<?xml version="1.0" encoding="UTF-8"?>
<!-- Generated by org.testng.reporters.JUnitXMLReporter -->
<testsuite hostname="DESKTOP-7881JK4" ignored="4" name="AdactinHotel Booking Application" tests="5" failures="0" timestamp="06 Apr 2025 19:31:30 GMT" time="43.839" errors="0">
  <testcase name="testLogin" time="6.094" classname="de.chennai.guvi.testcases.LoginPageTest"/>
  <testcase name="SearchHotelTest" time="10.588" classname="de.chennai.guvi.testcases.SearchHotelTestPage"/>
  <testcase name="SelectHotelTest" time="4.929" classname="de.chennai.guvi.testcases.SelectHotelTestPage"/>
  <testcase name="BookHotelTest" time="6.914" classname="de.chennai.guvi.testcases.BookHotelTestPage"/>
  <testcase name="verifyBookingConfirmation" time="9.428" classname="de.chennai.guvi.testcases.BookingConfirmationTestPage"/>
  <testcase name="@AfterSuite tearDown" time="0.0" classname="de.chennai.guvi.basetest.BaseTest">
    <ignored/>
  </testcase> <!-- @AfterSuite tearDown -->
  <testcase name="@AfterSuite tearDown" time="0.0" classname="de.chennai.guvi.basetest.BaseTest">
    <ignored/>
  </testcase> <!-- @AfterSuite tearDown -->
  <testcase name="@AfterSuite tearDown" time="0.0" classname="de.chennai.guvi.basetest.BaseTest">
    <ignored/>
  </testcase> <!-- @AfterSuite tearDown -->
  <testcase name="@AfterSuite tearDown" time="0.0" classname="de.chennai.guvi.basetest.BaseTest">
    <ignored/>
  </testcase> <!-- @AfterSuite tearDown -->
</testsuite> <!-- AdactinHotel Booking Application -->
